Determining if the pthread_create exist failed with the following output:
Change Dir: /home/dominik/projects/2017_master_schreilechner/code/daps/cmake-build-debug/CMakeFiles/CMakeTmp

Run Build Command:"/usr/bin/make" "cmTC_25e6b/fast"
/usr/bin/make -f CMakeFiles/cmTC_25e6b.dir/build.make CMakeFiles/cmTC_25e6b.dir/build
make[1]: Entering directory '/home/dominik/projects/2017_master_schreilechner/code/daps/cmake-build-debug/CMakeFiles/CMakeTmp'
Building C object CMakeFiles/cmTC_25e6b.dir/CheckSymbolExists.c.o
/usr/bin/cc    -o CMakeFiles/cmTC_25e6b.dir/CheckSymbolExists.c.o   -c /home/dominik/projects/2017_master_schreilechner/code/daps/cmake-build-debug/CMakeFiles/CMakeTmp/CheckSymbolExists.c
Linking C executable cmTC_25e6b
/snap/clion/58/bin/cmake/linux/bin/cmake -E cmake_link_script CMakeFiles/cmTC_25e6b.dir/link.txt --verbose=1
/usr/bin/cc      -rdynamic CMakeFiles/cmTC_25e6b.dir/CheckSymbolExists.c.o  -o cmTC_25e6b 
CMakeFiles/cmTC_25e6b.dir/CheckSymbolExists.c.o: In function `main':
CheckSymbolExists.c:(.text+0x1b): undefined reference to `pthread_create'
collect2: error: ld returned 1 exit status
CMakeFiles/cmTC_25e6b.dir/build.make:86: recipe for target 'cmTC_25e6b' failed
make[1]: *** [cmTC_25e6b] Error 1
make[1]: Leaving directory '/home/dominik/projects/2017_master_schreilechner/code/daps/cmake-build-debug/CMakeFiles/CMakeTmp'
Makefile:121: recipe for target 'cmTC_25e6b/fast' failed
make: *** [cmTC_25e6b/fast] Error 2

File /home/dominik/projects/2017_master_schreilechner/code/daps/cmake-build-debug/CMakeFiles/CMakeTmp/CheckSymbolExists.c:
/* */
#include <pthread.h>

int main(int argc, char** argv)
{
  (void)argv;
#ifndef pthread_create
  return ((int*)(&pthread_create))[argc];
#else
  (void)argc;
  return 0;
#endif
}

